[
	{
	"timestamp" : "14-04-2015 11:01:44.598",
	"serviceName" : "HealthService",
	"inputs":[ 	
				{ "parameter" : "userId", "dataValue" : "1" }
			],
	"outputs":[
				{ "parameter": "age", "dataValue" : "30" },
				{ "parameter": "weight", "dataValue" : "73.5" },
				{ "parameter": "height", "dataValue" : "281.0" }
			]
	},
	{
	"timestamp" : "14-04-2015 11:01:45.821",
	"serviceName" : "HealthService",
	"inputs":[ 	
				{ "parameter" : "userId", "dataValue" : "2" }
			],
	"outputs":[
				{ "parameter": "age", "dataValue" : "25" },
				{ "parameter": "weight", "dataValue" : "68.3" },
				{ "parameter": "height", "dataValue" : "245.0" }
			]
	},
		{
	"timestamp" : "14-04-2015 11:01:46.598",
	"serviceName" : "HealthService",
	"inputs":[ 	
				{ "parameter" : "userId", "dataValue" : "3" }
			],
	"outputs":[
				{ "parameter": "age", "dataValue" : "30" },
				{ "parameter": "weight", "dataValue" : "73.5" },
				{ "parameter": "height", "dataValue" : "35.0" }
			]
	},
		{
	"timestamp" : "14-04-2015 11:01:47.598",
	"serviceName" : "HealthService",
	"inputs":[ 	
				{ "parameter" : "userId", "dataValue" : "4" }
			],
	"outputs":[
				{ "parameter": "age", "dataValue" : "8" },
				{ "parameter": "weight", "dataValue" : "73.5" },
				{ "parameter": "height", "dataValue" : "34.0" }
			]
	},
		{
	"timestamp" : "14-04-2015 11:01:48.598",
	"serviceName" : "HealthService",
	"inputs":[ 	
				{ "parameter" : "userId", "dataValue" : "5" }
			],
	"outputs":[
				{ "parameter": "age", "dataValue" : "30" },
				{ "parameter": "weight", "dataValue" : "73.5" },
				{ "parameter": "height", "dataValue" : "251.0" }
			]
	},
	{
	"timestamp" : "14-04-2015 11:01:49.598",
	"serviceName" : "HealthService",
	"inputs":[ 	
				{ "parameter" : "userId", "dataValue" : "6" }
			],
	"outputs":[
				{ "parameter": "age", "dataValue" : "34" },
				{ "parameter": "weight", "dataValue" : "73.5" },
				{ "parameter": "height", "dataValue" : "371.0" }
			]
	},
	{
	"timestamp" : "14-04-2015 11:01:50.821",
	"serviceName" : "HealthService",
	"inputs":[ 	
				{ "parameter" : "userId", "dataValue" : "7" }
			],
	"outputs":[
				{ "parameter": "age", "dataValue" : "12" },
				{ "parameter": "weight", "dataValue" : "68.3" },
				{ "parameter": "height", "dataValue" : "20.0" }
			]
	},
		{
	"timestamp" : "14-04-2015 11:01:51.598",
	"serviceName" : "HealthService",
	"inputs":[ 	
				{ "parameter" : "userId", "dataValue" : "8" }
			],
	"outputs":[
				{ "parameter": "age", "dataValue" : "15" },
				{ "parameter": "weight", "dataValue" : "73.5" },
				{ "parameter": "height", "dataValue" : "38.0" }
			]
	},
		{
	"timestamp" : "14-04-2015 11:01:52.598",
	"serviceName" : "HealthService",
	"inputs":[ 	
				{ "parameter" : "userId", "dataValue" : "9" }
			],
	"outputs":[
				{ "parameter": "age", "dataValue" : "5" },
				{ "parameter": "weight", "dataValue" : "73.5" },
				{ "parameter": "height", "dataValue" : "24.0" }
			]
	},
		{
	"timestamp" : "14-04-2015 11:01:53.598",
	"serviceName" : "HealthService",
	"inputs":[ 	
				{ "parameter" : "userId", "dataValue" : "10" }
			],
	"outputs":[
				{ "parameter": "age", "dataValue" : "30" },
				{ "parameter": "weight", "dataValue" : "73.5" },
				{ "parameter": "height", "dataValue" : "285.0" }
			]
	},
	
	
	{
	"timestamp" : "14-04-2015 11:02:44.598",
	"serviceName" : "HealthService",
	"inputs":[ 	
				{ "parameter" : "userId", "dataValue" : "1" }
			],
	"outputs":[
				{ "parameter": "age", "dataValue" : "30" },
				{ "parameter": "weight", "dataValue" : "73.5" },
				{ "parameter": "height", "dataValue" : "281.0" }
			]
	},
	{
	"timestamp" : "14-04-2015 11:02:45.821",
	"serviceName" : "HealthService",
	"inputs":[ 	
				{ "parameter" : "userId", "dataValue" : "2" }
			],
	"outputs":[
				{ "parameter": "age", "dataValue" : "25" },
				{ "parameter": "weight", "dataValue" : "68.3" },
				{ "parameter": "height", "dataValue" : "245.0" }
			]
	},
		{
	"timestamp" : "14-04-2015 11:02:46.598",
	"serviceName" : "HealthService",
	"inputs":[ 	
				{ "parameter" : "userId", "dataValue" : "3" }
			],
	"outputs":[
				{ "parameter": "age", "dataValue" : "30" },
				{ "parameter": "weight", "dataValue" : "73.5" },
				{ "parameter": "height", "dataValue" : "35.0" }
			]
	},
		{
	"timestamp" : "14-04-2015 11:02:47.598",
	"serviceName" : "HealthService",
	"inputs":[ 	
				{ "parameter" : "userId", "dataValue" : "4" }
			],
	"outputs":[
				{ "parameter": "age", "dataValue" : "8" },
				{ "parameter": "weight", "dataValue" : "73.5" },
				{ "parameter": "height", "dataValue" : "34.0" }
			]
	},
		{
	"timestamp" : "14-04-2015 11:02:48.598",
	"serviceName" : "HealthService",
	"inputs":[ 	
				{ "parameter" : "userId", "dataValue" : "5" }
			],
	"outputs":[
				{ "parameter": "age", "dataValue" : "30" },
				{ "parameter": "weight", "dataValue" : "73.5" },
				{ "parameter": "height", "dataValue" : "251.0" }
			]
	},
	{
	"timestamp" : "14-04-2015 11:02:49.598",
	"serviceName" : "HealthService",
	"inputs":[ 	
				{ "parameter" : "userId", "dataValue" : "6" }
			],
	"outputs":[
				{ "parameter": "age", "dataValue" : "34" },
				{ "parameter": "weight", "dataValue" : "73.5" },
				{ "parameter": "height", "dataValue" : "371.0" }
			]
	},
	{
	"timestamp" : "14-04-2015 11:02:50.821",
	"serviceName" : "HealthService",
	"inputs":[ 	
				{ "parameter" : "userId", "dataValue" : "7" }
			],
	"outputs":[
				{ "parameter": "age", "dataValue" : "12" },
				{ "parameter": "weight", "dataValue" : "68.3" },
				{ "parameter": "height", "dataValue" : "20.0" }
			]
	},
		{
	"timestamp" : "14-04-2015 11:02:51.598",
	"serviceName" : "HealthService",
	"inputs":[ 	
				{ "parameter" : "userId", "dataValue" : "8" }
			],
	"outputs":[
				{ "parameter": "age", "dataValue" : "15" },
				{ "parameter": "weight", "dataValue" : "73.5" },
				{ "parameter": "height", "dataValue" : "38.0" }
			]
	},
		{
	"timestamp" : "14-04-2015 11:02:52.598",
	"serviceName" : "HealthService",
	"inputs":[ 	
				{ "parameter" : "userId", "dataValue" : "9" }
			],
	"outputs":[
				{ "parameter": "age", "dataValue" : "5" },
				{ "parameter": "weight", "dataValue" : "73.5" },
				{ "parameter": "height", "dataValue" : "24.0" }
			]
	},
		{
	"timestamp" : "14-04-2015 11:02:53.598",
	"serviceName" : "HealthService",
	"inputs":[ 	
				{ "parameter" : "userId", "dataValue" : "10" }
			],
	"outputs":[
				{ "parameter": "age", "dataValue" : "30" },
				{ "parameter": "weight", "dataValue" : "73.5" },
				{ "parameter": "height", "dataValue" : "285.0" }
			]
	},
	
	
	
	{
	"timestamp" : "14-04-2015 11:03:44.598",
	"serviceName" : "HealthService",
	"inputs":[ 	
				{ "parameter" : "userId", "dataValue" : "1" }
			],
	"outputs":[
				{ "parameter": "age", "dataValue" : "30" },
				{ "parameter": "weight", "dataValue" : "73.5" },
				{ "parameter": "height", "dataValue" : "281.0" }
			]
	},
	{
	"timestamp" : "14-04-2015 11:03:45.821",
	"serviceName" : "HealthService",
	"inputs":[ 	
				{ "parameter" : "userId", "dataValue" : "2" }
			],
	"outputs":[
				{ "parameter": "age", "dataValue" : "25" },
				{ "parameter": "weight", "dataValue" : "68.3" },
				{ "parameter": "height", "dataValue" : "245.0" }
			]
	},
		{
	"timestamp" : "14-04-2015 11:03:46.598",
	"serviceName" : "HealthService",
	"inputs":[ 	
				{ "parameter" : "userId", "dataValue" : "3" }
			],
	"outputs":[
				{ "parameter": "age", "dataValue" : "30" },
				{ "parameter": "weight", "dataValue" : "73.5" },
				{ "parameter": "height", "dataValue" : "35.0" }
			]
	},
		{
	"timestamp" : "14-04-2015 11:03:47.598",
	"serviceName" : "HealthService",
	"inputs":[ 	
				{ "parameter" : "userId", "dataValue" : "4" }
			],
	"outputs":[
				{ "parameter": "age", "dataValue" : "8" },
				{ "parameter": "weight", "dataValue" : "73.5" },
				{ "parameter": "height", "dataValue" : "34.0" }
			]
	},
		{
	"timestamp" : "14-04-2015 11:03:48.598",
	"serviceName" : "HealthService",
	"inputs":[ 	
				{ "parameter" : "userId", "dataValue" : "5" }
			],
	"outputs":[
				{ "parameter": "age", "dataValue" : "30" },
				{ "parameter": "weight", "dataValue" : "73.5" },
				{ "parameter": "height", "dataValue" : "251.0" }
			]
	},
	{
	"timestamp" : "14-04-2015 11:03:49.598",
	"serviceName" : "HealthService",
	"inputs":[ 	
				{ "parameter" : "userId", "dataValue" : "6" }
			],
	"outputs":[
				{ "parameter": "age", "dataValue" : "34" },
				{ "parameter": "weight", "dataValue" : "73.5" },
				{ "parameter": "height", "dataValue" : "371.0" }
			]
	},
	{
	"timestamp" : "14-04-2015 11:03:50.821",
	"serviceName" : "HealthService",
	"inputs":[ 	
				{ "parameter" : "userId", "dataValue" : "7" }
			],
	"outputs":[
				{ "parameter": "age", "dataValue" : "12" },
				{ "parameter": "weight", "dataValue" : "68.3" },
				{ "parameter": "height", "dataValue" : "20.0" }
			]
	},
		{
	"timestamp" : "14-04-2015 11:03:51.598",
	"serviceName" : "HealthService",
	"inputs":[ 	
				{ "parameter" : "userId", "dataValue" : "8" }
			],
	"outputs":[
				{ "parameter": "age", "dataValue" : "15" },
				{ "parameter": "weight", "dataValue" : "73.5" },
				{ "parameter": "height", "dataValue" : "38.0" }
			]
	},
		{
	"timestamp" : "14-04-2015 11:03:52.598",
	"serviceName" : "HealthService",
	"inputs":[ 	
				{ "parameter" : "userId", "dataValue" : "9" }
			],
	"outputs":[
				{ "parameter": "age", "dataValue" : "5" },
				{ "parameter": "weight", "dataValue" : "73.5" },
				{ "parameter": "height", "dataValue" : "24.0" }
			]
	},
		{
	"timestamp" : "14-04-2015 11:03:53.598",
	"serviceName" : "HealthService",
	"inputs":[ 	
				{ "parameter" : "userId", "dataValue" : "10" }
			],
	"outputs":[
				{ "parameter": "age", "dataValue" : "30" },
				{ "parameter": "weight", "dataValue" : "73.5" },
				{ "parameter": "height", "dataValue" : "285.0" }
			]
	},
	
	
	
	{
	"timestamp" : "14-04-2015 11:04:44.598",
	"serviceName" : "HealthService",
	"inputs":[ 	
				{ "parameter" : "userId", "dataValue" : "1" }
			],
	"outputs":[
				{ "parameter": "age", "dataValue" : "30" },
				{ "parameter": "weight", "dataValue" : "73.5" },
				{ "parameter": "height", "dataValue" : "281.0" }
			]
	},
	{
	"timestamp" : "14-04-2015 11:04:45.821",
	"serviceName" : "HealthService",
	"inputs":[ 	
				{ "parameter" : "userId", "dataValue" : "2" }
			],
	"outputs":[
				{ "parameter": "age", "dataValue" : "25" },
				{ "parameter": "weight", "dataValue" : "68.3" },
				{ "parameter": "height", "dataValue" : "245.0" }
			]
	},
		{
	"timestamp" : "14-04-2015 11:04:46.598",
	"serviceName" : "HealthService",
	"inputs":[ 	
				{ "parameter" : "userId", "dataValue" : "3" }
			],
	"outputs":[
				{ "parameter": "age", "dataValue" : "30" },
				{ "parameter": "weight", "dataValue" : "73.5" },
				{ "parameter": "height", "dataValue" : "35.0" }
			]
	},
		{
	"timestamp" : "14-04-2015 11:04:47.598",
	"serviceName" : "HealthService",
	"inputs":[ 	
				{ "parameter" : "userId", "dataValue" : "4" }
			],
	"outputs":[
				{ "parameter": "age", "dataValue" : "8" },
				{ "parameter": "weight", "dataValue" : "73.5" },
				{ "parameter": "height", "dataValue" : "34.0" }
			]
	},
		{
	"timestamp" : "14-04-2015 11:04:48.598",
	"serviceName" : "HealthService",
	"inputs":[ 	
				{ "parameter" : "userId", "dataValue" : "5" }
			],
	"outputs":[
				{ "parameter": "age", "dataValue" : "30" },
				{ "parameter": "weight", "dataValue" : "73.5" },
				{ "parameter": "height", "dataValue" : "251.0" }
			]
	},
	{
	"timestamp" : "14-04-2015 11:04:49.598",
	"serviceName" : "HealthService",
	"inputs":[ 	
				{ "parameter" : "userId", "dataValue" : "6" }
			],
	"outputs":[
				{ "parameter": "age", "dataValue" : "34" },
				{ "parameter": "weight", "dataValue" : "73.5" },
				{ "parameter": "height", "dataValue" : "371.0" }
			]
	},
	{
	"timestamp" : "14-04-2015 11:04:50.821",
	"serviceName" : "HealthService",
	"inputs":[ 	
				{ "parameter" : "userId", "dataValue" : "7" }
			],
	"outputs":[
				{ "parameter": "age", "dataValue" : "12" },
				{ "parameter": "weight", "dataValue" : "68.3" },
				{ "parameter": "height", "dataValue" : "20.0" }
			]
	},
		{
	"timestamp" : "14-04-2015 11:04:51.598",
	"serviceName" : "HealthService",
	"inputs":[ 	
				{ "parameter" : "userId", "dataValue" : "8" }
			],
	"outputs":[
				{ "parameter": "age", "dataValue" : "15" },
				{ "parameter": "weight", "dataValue" : "73.5" },
				{ "parameter": "height", "dataValue" : "38.0" }
			]
	},
		{
	"timestamp" : "14-04-2015 11:04:52.598",
	"serviceName" : "HealthService",
	"inputs":[ 	
				{ "parameter" : "userId", "dataValue" : "9" }
			],
	"outputs":[
				{ "parameter": "age", "dataValue" : "5" },
				{ "parameter": "weight", "dataValue" : "73.5" },
				{ "parameter": "height", "dataValue" : "24.0" }
			]
	},
		{
	"timestamp" : "14-04-2015 11:04:53.598",
	"serviceName" : "HealthService",
	"inputs":[ 	
				{ "parameter" : "userId", "dataValue" : "10" }
			],
	"outputs":[
				{ "parameter": "age", "dataValue" : "30" },
				{ "parameter": "weight", "dataValue" : "73.5" },
				{ "parameter": "height", "dataValue" : "285.0" }
			]
	},
	
	
	
	{
	"timestamp" : "14-04-2015 11:05:44.598",
	"serviceName" : "HealthService",
	"inputs":[ 	
				{ "parameter" : "userId", "dataValue" : "1" }
			],
	"outputs":[
				{ "parameter": "age", "dataValue" : "30" },
				{ "parameter": "weight", "dataValue" : "73.5" },
				{ "parameter": "height", "dataValue" : "281.0" }
			]
	},
	{
	"timestamp" : "14-04-2015 11:05:45.821",
	"serviceName" : "HealthService",
	"inputs":[ 	
				{ "parameter" : "userId", "dataValue" : "2" }
			],
	"outputs":[
				{ "parameter": "age", "dataValue" : "25" },
				{ "parameter": "weight", "dataValue" : "68.3" },
				{ "parameter": "height", "dataValue" : "245.0" }
			]
	},
		{
	"timestamp" : "14-04-2015 11:05:46.598",
	"serviceName" : "HealthService",
	"inputs":[ 	
				{ "parameter" : "userId", "dataValue" : "3" }
			],
	"outputs":[
				{ "parameter": "age", "dataValue" : "30" },
				{ "parameter": "weight", "dataValue" : "73.5" },
				{ "parameter": "height", "dataValue" : "35.0" }
			]
	},
		{
	"timestamp" : "14-04-2015 11:05:47.598",
	"serviceName" : "HealthService",
	"inputs":[ 	
				{ "parameter" : "userId", "dataValue" : "4" }
			],
	"outputs":[
				{ "parameter": "age", "dataValue" : "8" },
				{ "parameter": "weight", "dataValue" : "73.5" },
				{ "parameter": "height", "dataValue" : "34.0" }
			]
	},
		{
	"timestamp" : "14-04-2015 11:05:48.598",
	"serviceName" : "HealthService",
	"inputs":[ 	
				{ "parameter" : "userId", "dataValue" : "5" }
			],
	"outputs":[
				{ "parameter": "age", "dataValue" : "30" },
				{ "parameter": "weight", "dataValue" : "73.5" },
				{ "parameter": "height", "dataValue" : "251.0" }
			]
	},
	{
	"timestamp" : "14-04-2015 11:05:49.598",
	"serviceName" : "HealthService",
	"inputs":[ 	
				{ "parameter" : "userId", "dataValue" : "6" }
			],
	"outputs":[
				{ "parameter": "age", "dataValue" : "34" },
				{ "parameter": "weight", "dataValue" : "73.5" },
				{ "parameter": "height", "dataValue" : "371.0" }
			]
	},
	{
	"timestamp" : "14-04-2015 11:05:50.821",
	"serviceName" : "HealthService",
	"inputs":[ 	
				{ "parameter" : "userId", "dataValue" : "7" }
			],
	"outputs":[
				{ "parameter": "age", "dataValue" : "12" },
				{ "parameter": "weight", "dataValue" : "68.3" },
				{ "parameter": "height", "dataValue" : "20.0" }
			]
	},
		{
	"timestamp" : "14-04-2015 11:05:51.598",
	"serviceName" : "HealthService",
	"inputs":[ 	
				{ "parameter" : "userId", "dataValue" : "8" }
			],
	"outputs":[
				{ "parameter": "age", "dataValue" : "15" },
				{ "parameter": "weight", "dataValue" : "73.5" },
				{ "parameter": "height", "dataValue" : "38.0" }
			]
	},
		{
	"timestamp" : "14-04-2015 11:05:52.598",
	"serviceName" : "HealthService",
	"inputs":[ 	
				{ "parameter" : "userId", "dataValue" : "9" }
			],
	"outputs":[
				{ "parameter": "age", "dataValue" : "5" },
				{ "parameter": "weight", "dataValue" : "73.5" },
				{ "parameter": "height", "dataValue" : "24.0" }
			]
	},
		{
	"timestamp" : "14-04-2015 11:05:53.598",
	"serviceName" : "HealthService",
	"inputs":[ 	
				{ "parameter" : "userId", "dataValue" : "10" }
			],
	"outputs":[
				{ "parameter": "age", "dataValue" : "30" },
				{ "parameter": "weight", "dataValue" : "73.5" },
				{ "parameter": "height", "dataValue" : "285.0" }
			]
	}	
]