[
	{
	"timestamp" : "14-04-2015 10:01:44.598",
	"serviceName" : "HealthService",
	"inputs":[ 	
				{ "parameter" : "userId", "dataValue" : "1" }
			],
	"outputs":[
				{ "parameter": "age", "dataValue" : "30" },
				{ "parameter": "weight", "dataValue" : "73.5" },
				{ "parameter": "height", "dataValue" : "181.0" }
			]
	},
	{
	"timestamp" : "14-04-2015 10:01:45.821",
	"serviceName" : "HealthService",
	"inputs":[ 	
				{ "parameter" : "userId", "dataValue" : "2" }
			],
	"outputs":[
				{ "parameter": "age", "dataValue" : "25" },
				{ "parameter": "weight", "dataValue" : "68.3" },
				{ "parameter": "height", "dataValue" : "245.0" }
			]
	},
		{
	"timestamp" : "14-04-2015 10:01:46.598",
	"serviceName" : "HealthService",
	"inputs":[ 	
				{ "parameter" : "userId", "dataValue" : "3" }
			],
	"outputs":[
				{ "parameter": "age", "dataValue" : "30" },
				{ "parameter": "weight", "dataValue" : "73.5" },
				{ "parameter": "height", "dataValue" : "35.0" }
			]
	},
		{
	"timestamp" : "14-04-2015 10:01:47.598",
	"serviceName" : "HealthService",
	"inputs":[ 	
				{ "parameter" : "userId", "dataValue" : "4" }
			],
	"outputs":[
				{ "parameter": "age", "dataValue" : "8" },
				{ "parameter": "weight", "dataValue" : "73.5" },
				{ "parameter": "height", "dataValue" : "43.0" }
			]
	},
		{
	"timestamp" : "14-04-2015 10:01:48.598",
	"serviceName" : "HealthService",
	"inputs":[ 	
				{ "parameter" : "userId", "dataValue" : "5" }
			],
	"outputs":[
				{ "parameter": "age", "dataValue" : "30" },
				{ "parameter": "weight", "dataValue" : "73.5" },
				{ "parameter": "height", "dataValue" : "251.0" }
			]
	},
	{
	"timestamp" : "14-04-2015 10:01:49.598",
	"serviceName" : "HealthService",
	"inputs":[ 	
				{ "parameter" : "userId", "dataValue" : "6" }
			],
	"outputs":[
				{ "parameter": "age", "dataValue" : "34" },
				{ "parameter": "weight", "dataValue" : "73.5" },
				{ "parameter": "height", "dataValue" : "371.0" }
			]
	},
	{
	"timestamp" : "14-04-2015 10:01:50.821",
	"serviceName" : "HealthService",
	"inputs":[ 	
				{ "parameter" : "userId", "dataValue" : "7" }
			],
	"outputs":[
				{ "parameter": "age", "dataValue" : "12" },
				{ "parameter": "weight", "dataValue" : "68.3" },
				{ "parameter": "height", "dataValue" : "120.0" }
			]
	},
		{
	"timestamp" : "14-04-2015 10:01:51.598",
	"serviceName" : "HealthService",
	"inputs":[ 	
				{ "parameter" : "userId", "dataValue" : "8" }
			],
	"outputs":[
				{ "parameter": "age", "dataValue" : "15" },
				{ "parameter": "weight", "dataValue" : "73.5" },
				{ "parameter": "height", "dataValue" : "138.0" }
			]
	},
		{
	"timestamp" : "14-04-2015 10:01:52.598",
	"serviceName" : "HealthService",
	"inputs":[ 	
				{ "parameter" : "userId", "dataValue" : "9" }
			],
	"outputs":[
				{ "parameter": "age", "dataValue" : "5" },
				{ "parameter": "weight", "dataValue" : "73.5" },
				{ "parameter": "height", "dataValue" : "24.0" }
			]
	},
		{
	"timestamp" : "14-04-2015 10:01:53.598",
	"serviceName" : "HealthService",
	"inputs":[ 	
				{ "parameter" : "userId", "dataValue" : "10" }
			],
	"outputs":[
				{ "parameter": "age", "dataValue" : "30" },
				{ "parameter": "weight", "dataValue" : "73.5" },
				{ "parameter": "height", "dataValue" : "185.0" }
			]
	},
	{
	"timestamp" : "14-04-2015 11:01:54.598",
	"serviceName" : "HealthService",
	"inputs":[ 	
				{ "parameter" : "userId", "dataValue" : "1" }
			],
	"outputs":[
				{ "parameter": "age", "dataValue" : "30" },
				{ "parameter": "weight", "dataValue" : "73.5" },
				{ "parameter": "height", "dataValue" : "181.0" }
			]
	},
	{
	"timestamp" : "14-04-2015 11:01:55.821",
	"serviceName" : "HealthService",
	"inputs":[ 	
				{ "parameter" : "userId", "dataValue" : "2" }
			],
	"outputs":[
				{ "parameter": "age", "dataValue" : "25" },
				{ "parameter": "weight", "dataValue" : "68.3" },
				{ "parameter": "height", "dataValue" : "174.0" }
			]
	},
		{
	"timestamp" : "14-04-2015 11:01:56.598",
	"serviceName" : "HealthService",
	"inputs":[ 	
				{ "parameter" : "userId", "dataValue" : "3" }
			],
	"outputs":[
				{ "parameter": "age", "dataValue" : "30" },
				{ "parameter": "weight", "dataValue" : "73.5" },
				{ "parameter": "height", "dataValue" : "239.0" }
			]
	},
		{
	"timestamp" : "14-04-2015 11:01:57.598",
	"serviceName" : "HealthService",
	"inputs":[ 	
				{ "parameter" : "userId", "dataValue" : "4" }
			],
	"outputs":[
				{ "parameter": "age", "dataValue" : "8" },
				{ "parameter": "weight", "dataValue" : "73.5" },
				{ "parameter": "height", "dataValue" : "94.0" }
			]
	},
		{
	"timestamp" : "14-04-2015 11:01:58.598",
	"serviceName" : "HealthService",
	"inputs":[ 	
				{ "parameter" : "userId", "dataValue" : "5" }
			],
	"outputs":[
				{ "parameter": "age", "dataValue" : "30" },
				{ "parameter": "weight", "dataValue" : "73.5" },
				{ "parameter": "height", "dataValue" : "200.0" }
			]
	},
	{
	"timestamp" : "14-04-2015 11:01:59.598",
	"serviceName" : "HealthService",
	"inputs":[ 	
				{ "parameter" : "userId", "dataValue" : "6" }
			],
	"outputs":[
				{ "parameter": "age", "dataValue" : "34" },
				{ "parameter": "weight", "dataValue" : "73.5" },
				{ "parameter": "height", "dataValue" : "171.0" }
			]
	},
	{
	"timestamp" : "14-04-2015 11:03:00.821",
	"serviceName" : "HealthService",
	"inputs":[ 	
				{ "parameter" : "userId", "dataValue" : "7" }
			],
	"outputs":[
				{ "parameter": "age", "dataValue" : "12" },
				{ "parameter": "weight", "dataValue" : "68.3" },
				{ "parameter": "height", "dataValue" : "194.0" }
			]
	},
		{
	"timestamp" : "14-04-2015 11:03:01.598",
	"serviceName" : "HealthService",
	"inputs":[ 	
				{ "parameter" : "userId", "dataValue" : "8" }
			],
	"outputs":[
				{ "parameter": "age", "dataValue" : "15" },
				{ "parameter": "weight", "dataValue" : "73.5" },
				{ "parameter": "height", "dataValue" : "151.0" }
			]
	},
		{
	"timestamp" : "14-04-2015 11:03:02.598",
	"serviceName" : "HealthService",
	"inputs":[ 	
				{ "parameter" : "userId", "dataValue" : "9" }
			],
	"outputs":[
				{ "parameter": "age", "dataValue" : "30" },
				{ "parameter": "weight", "dataValue" : "73.5" },
				{ "parameter": "height", "dataValue" : "163.0" }
			]
	},
		{
	"timestamp" : "14-04-2015 11:03:03.598",
	"serviceName" : "HealthService",
	"inputs":[ 	
				{ "parameter" : "userId", "dataValue" : "10" }
			],
	"outputs":[
				{ "parameter": "age", "dataValue" : "30" },
				{ "parameter": "weight", "dataValue" : "73.5" },
				{ "parameter": "height", "dataValue" : "185.0" }
			]
	},
	
	
	{
	"timestamp" : "14-04-2015 11:03:04.598",
	"serviceName" : "HealthService",
	"inputs":[ 	
				{ "parameter" : "userId", "dataValue" : "1" }
			],
	"outputs":[
				{ "parameter": "age", "dataValue" : "30" },
				{ "parameter": "weight", "dataValue" : "73.5" },
				{ "parameter": "height", "dataValue" : "181.0" }
			]
	},
	{
	"timestamp" : "14-04-2015 11:03:05.821",
	"serviceName" : "HealthService",
	"inputs":[ 	
				{ "parameter" : "userId", "dataValue" : "2" }
			],
	"outputs":[
				{ "parameter": "age", "dataValue" : "25" },
				{ "parameter": "weight", "dataValue" : "68.3" },
				{ "parameter": "height", "dataValue" : "174.0" }
			]
	},
		{
	"timestamp" : "14-04-2015 11:01:66.598",
	"serviceName" : "HealthService",
	"inputs":[ 	
				{ "parameter" : "userId", "dataValue" : "3" }
			],
	"outputs":[
				{ "parameter": "age", "dataValue" : "30" },
				{ "parameter": "weight", "dataValue" : "73.5" },
				{ "parameter": "height", "dataValue" : "239.0" }
			]
	},
		{
	"timestamp" : "14-04-2015 11:03:07.598",
	"serviceName" : "HealthService",
	"inputs":[ 	
				{ "parameter" : "userId", "dataValue" : "4" }
			],
	"outputs":[
				{ "parameter": "age", "dataValue" : "8" },
				{ "parameter": "weight", "dataValue" : "73.5" },
				{ "parameter": "height", "dataValue" : "94.0" }
			]
	},
		{
	"timestamp" : "14-04-2015 11:03:08.598",
	"serviceName" : "HealthService",
	"inputs":[ 	
				{ "parameter" : "userId", "dataValue" : "5" }
			],
	"outputs":[
				{ "parameter": "age", "dataValue" : "30" },
				{ "parameter": "weight", "dataValue" : "73.5" },
				{ "parameter": "height", "dataValue" : "200.0" }
			]
	},
	{
	"timestamp" : "14-04-2015 11:03:09.598",
	"serviceName" : "HealthService",
	"inputs":[ 	
				{ "parameter" : "userId", "dataValue" : "6" }
			],
	"outputs":[
				{ "parameter": "age", "dataValue" : "34" },
				{ "parameter": "weight", "dataValue" : "73.5" },
				{ "parameter": "height", "dataValue" : "171.0" }
			]
	},
	{
	"timestamp" : "14-04-2015 11:02:00.821",
	"serviceName" : "HealthService",
	"inputs":[ 	
				{ "parameter" : "userId", "dataValue" : "7" }
			],
	"outputs":[
				{ "parameter": "age", "dataValue" : "12" },
				{ "parameter": "weight", "dataValue" : "68.3" },
				{ "parameter": "height", "dataValue" : "194.0" }
			]
	},
		{
	"timestamp" : "14-04-2015 11:02:01.598",
	"serviceName" : "HealthService",
	"inputs":[ 	
				{ "parameter" : "userId", "dataValue" : "8" }
			],
	"outputs":[
				{ "parameter": "age", "dataValue" : "15" },
				{ "parameter": "weight", "dataValue" : "73.5" },
				{ "parameter": "height", "dataValue" : "151.0" }
			]
	},
		{
	"timestamp" : "14-04-2015 11:02:02.598",
	"serviceName" : "HealthService",
	"inputs":[ 	
				{ "parameter" : "userId", "dataValue" : "9" }
			],
	"outputs":[
				{ "parameter": "age", "dataValue" : "30" },
				{ "parameter": "weight", "dataValue" : "73.5" },
				{ "parameter": "height", "dataValue" : "163.0" }
			]
	},
		{
	"timestamp" : "14-04-2015 11:02:03.598",
	"serviceName" : "HealthService",
	"inputs":[ 	
				{ "parameter" : "userId", "dataValue" : "10" }
			],
	"outputs":[
				{ "parameter": "age", "dataValue" : "30" },
				{ "parameter": "weight", "dataValue" : "73.5" },
				{ "parameter": "height", "dataValue" : "185.0" }
			]
	},
	{
	"timestamp" : "14-04-2015 11:02:04.598",
	"serviceName" : "HealthService",
	"inputs":[ 	
				{ "parameter" : "userId", "dataValue" : "1" }
			],
	"outputs":[
				{ "parameter": "age", "dataValue" : "30" },
				{ "parameter": "weight", "dataValue" : "73.5" },
				{ "parameter": "height", "dataValue" : "181.0" }
			]
	},
	{
	"timestamp" : "14-04-2015 11:02:05.821",
	"serviceName" : "HealthService",
	"inputs":[ 	
				{ "parameter" : "userId", "dataValue" : "2" }
			],
	"outputs":[
				{ "parameter": "age", "dataValue" : "25" },
				{ "parameter": "weight", "dataValue" : "68.3" },
				{ "parameter": "height", "dataValue" : "174.0" }
			]
	},
		{
	"timestamp" : "14-04-2015 11:02:06.598",
	"serviceName" : "HealthService",
	"inputs":[ 	
				{ "parameter" : "userId", "dataValue" : "3" }
			],
	"outputs":[
				{ "parameter": "age", "dataValue" : "30" },
				{ "parameter": "weight", "dataValue" : "73.5" },
				{ "parameter": "height", "dataValue" : "239.0" }
			]
	},
		{
	"timestamp" : "14-04-2015 11:02:07.598",
	"serviceName" : "HealthService",
	"inputs":[ 	
				{ "parameter" : "userId", "dataValue" : "4" }
			],
	"outputs":[
				{ "parameter": "age", "dataValue" : "8" },
				{ "parameter": "weight", "dataValue" : "73.5" },
				{ "parameter": "height", "dataValue" : "94.0" }
			]
	},
		{
	"timestamp" : "14-04-2015 11:02:08.598",
	"serviceName" : "HealthService",
	"inputs":[ 	
				{ "parameter" : "userId", "dataValue" : "5" }
			],
	"outputs":[
				{ "parameter": "age", "dataValue" : "30" },
				{ "parameter": "weight", "dataValue" : "73.5" },
				{ "parameter": "height", "dataValue" : "200.0" }
			]
	},
	{
	"timestamp" : "14-04-2015 11:02:09.598",
	"serviceName" : "HealthService",
	"inputs":[ 	
				{ "parameter" : "userId", "dataValue" : "6" }
			],
	"outputs":[
				{ "parameter": "age", "dataValue" : "34" },
				{ "parameter": "weight", "dataValue" : "73.5" },
				{ "parameter": "height", "dataValue" : "171.0" }
			]
	},
	{
	"timestamp" : "14-04-2015 11:02:10.821",
	"serviceName" : "HealthService",
	"inputs":[ 	
				{ "parameter" : "userId", "dataValue" : "7" }
			],
	"outputs":[
				{ "parameter": "age", "dataValue" : "12" },
				{ "parameter": "weight", "dataValue" : "68.3" },
				{ "parameter": "height", "dataValue" : "194.0" }
			]
	},
		{
	"timestamp" : "14-04-2015 11:02:11.598",
	"serviceName" : "HealthService",
	"inputs":[ 	
				{ "parameter" : "userId", "dataValue" : "8" }
			],
	"outputs":[
				{ "parameter": "age", "dataValue" : "15" },
				{ "parameter": "weight", "dataValue" : "73.5" },
				{ "parameter": "height", "dataValue" : "151.0" }
			]
	},
		{
	"timestamp" : "14-04-2015 11:02:12.598",
	"serviceName" : "HealthService",
	"inputs":[ 	
				{ "parameter" : "userId", "dataValue" : "9" }
			],
	"outputs":[
				{ "parameter": "age", "dataValue" : "30" },
				{ "parameter": "weight", "dataValue" : "73.5" },
				{ "parameter": "height", "dataValue" : "163.0" }
			]
	},
		{
	"timestamp" : "14-04-2015 11:02:13.598",
	"serviceName" : "HealthService",
	"inputs":[ 	
				{ "parameter" : "userId", "dataValue" : "10" }
			],
	"outputs":[
				{ "parameter": "age", "dataValue" : "30" },
				{ "parameter": "weight", "dataValue" : "73.5" },
				{ "parameter": "height", "dataValue" : "185.0" }
			]
	},
	{
	"timestamp" : "14-04-2015 11:02:14.598",
	"serviceName" : "HealthService",
	"inputs":[ 	
				{ "parameter" : "userId", "dataValue" : "1" }
			],
	"outputs":[
				{ "parameter": "age", "dataValue" : "30" },
				{ "parameter": "weight", "dataValue" : "73.5" },
				{ "parameter": "height", "dataValue" : "181.0" }
			]
	},
	{
	"timestamp" : "14-04-2015 11:02:15.821",
	"serviceName" : "HealthService",
	"inputs":[ 	
				{ "parameter" : "userId", "dataValue" : "2" }
			],
	"outputs":[
				{ "parameter": "age", "dataValue" : "25" },
				{ "parameter": "weight", "dataValue" : "68.3" },
				{ "parameter": "height", "dataValue" : "174.0" }
			]
	},
		{
	"timestamp" : "14-04-2015 11:02:16.598",
	"serviceName" : "HealthService",
	"inputs":[ 	
				{ "parameter" : "userId", "dataValue" : "3" }
			],
	"outputs":[
				{ "parameter": "age", "dataValue" : "30" },
				{ "parameter": "weight", "dataValue" : "73.5" },
				{ "parameter": "height", "dataValue" : "239.0" }
			]
	},
		{
	"timestamp" : "14-04-2015 11:02:17.598",
	"serviceName" : "HealthService",
	"inputs":[ 	
				{ "parameter" : "userId", "dataValue" : "4" }
			],
	"outputs":[
				{ "parameter": "age", "dataValue" : "8" },
				{ "parameter": "weight", "dataValue" : "73.5" },
				{ "parameter": "height", "dataValue" : "94.0" }
			]
	},
		{
	"timestamp" : "14-04-2015 11:02:18.598",
	"serviceName" : "HealthService",
	"inputs":[ 	
				{ "parameter" : "userId", "dataValue" : "5" }
			],
	"outputs":[
				{ "parameter": "age", "dataValue" : "30" },
				{ "parameter": "weight", "dataValue" : "73.5" },
				{ "parameter": "height", "dataValue" : "200.0" }
			]
	},
	{
	"timestamp" : "14-04-2015 11:02:19.598",
	"serviceName" : "HealthService",
	"inputs":[ 	
				{ "parameter" : "userId", "dataValue" : "6" }
			],
	"outputs":[
				{ "parameter": "age", "dataValue" : "34" },
				{ "parameter": "weight", "dataValue" : "73.5" },
				{ "parameter": "height", "dataValue" : "171.0" }
			]
	},
	{
	"timestamp" : "14-04-2015 11:02:20.821",
	"serviceName" : "HealthService",
	"inputs":[ 	
				{ "parameter" : "userId", "dataValue" : "7" }
			],
	"outputs":[
				{ "parameter": "age", "dataValue" : "12" },
				{ "parameter": "weight", "dataValue" : "68.3" },
				{ "parameter": "height", "dataValue" : "194.0" }
			]
	},
		{
	"timestamp" : "14-04-2015 11:02:21.598",
	"serviceName" : "HealthService",
	"inputs":[ 	
				{ "parameter" : "userId", "dataValue" : "8" }
			],
	"outputs":[
				{ "parameter": "age", "dataValue" : "15" },
				{ "parameter": "weight", "dataValue" : "73.5" },
				{ "parameter": "height", "dataValue" : "151.0" }
			]
	},
		{
	"timestamp" : "14-04-2015 11:02:22.598",
	"serviceName" : "HealthService",
	"inputs":[ 	
				{ "parameter" : "userId", "dataValue" : "9" }
			],
	"outputs":[
				{ "parameter": "age", "dataValue" : "30" },
				{ "parameter": "weight", "dataValue" : "73.5" },
				{ "parameter": "height", "dataValue" : "163.0" }
			]
	},
		{
	"timestamp" : "14-04-2015 11:02:23.598",
	"serviceName" : "HealthService",
	"inputs":[ 	
				{ "parameter" : "userId", "dataValue" : "10" }
			],
	"outputs":[
				{ "parameter": "age", "dataValue" : "30" },
				{ "parameter": "weight", "dataValue" : "73.5" },
				{ "parameter": "height", "dataValue" : "185.0" }
			]
	},
	{
	"timestamp" : "14-04-2015 12:01:44.598",
	"serviceName" : "HealthService",
	"inputs":[ 	
				{ "parameter" : "userId", "dataValue" : "1" }
			],
	"outputs":[
				{ "parameter": "age", "dataValue" : "30" },
				{ "parameter": "weight", "dataValue" : "73.5" },
				{ "parameter": "height", "dataValue" : "181.0" }
			]
	},
	{
	"timestamp" : "14-04-2015 12:01:45.821",
	"serviceName" : "HealthService",
	"inputs":[ 	
				{ "parameter" : "userId", "dataValue" : "2" }
			],
	"outputs":[
				{ "parameter": "age", "dataValue" : "25" },
				{ "parameter": "weight", "dataValue" : "68.3" },
				{ "parameter": "height", "dataValue" : "174.0" }
			]
	},
		{
	"timestamp" : "14-04-2015 12:01:46.598",
	"serviceName" : "HealthService",
	"inputs":[ 	
				{ "parameter" : "userId", "dataValue" : "3" }
			],
	"outputs":[
				{ "parameter": "age", "dataValue" : "30" },
				{ "parameter": "weight", "dataValue" : "73.5" },
				{ "parameter": "height", "dataValue" : "239.0" }
			]
	},
		{
	"timestamp" : "14-04-2015 12:01:47.598",
	"serviceName" : "HealthService",
	"inputs":[ 	
				{ "parameter" : "userId", "dataValue" : "4" }
			],
	"outputs":[
				{ "parameter": "age", "dataValue" : "8" },
				{ "parameter": "weight", "dataValue" : "73.5" },
				{ "parameter": "height", "dataValue" : "94.0" }
			]
	},
		{
	"timestamp" : "14-04-2015 12:01:48.598",
	"serviceName" : "HealthService",
	"inputs":[ 	
				{ "parameter" : "userId", "dataValue" : "5" }
			],
	"outputs":[
				{ "parameter": "age", "dataValue" : "30" },
				{ "parameter": "weight", "dataValue" : "73.5" },
				{ "parameter": "height", "dataValue" : "200.0" }
			]
	},
	{
	"timestamp" : "14-04-2015 12:01:49.598",
	"serviceName" : "HealthService",
	"inputs":[ 	
				{ "parameter" : "userId", "dataValue" : "6" }
			],
	"outputs":[
				{ "parameter": "age", "dataValue" : "34" },
				{ "parameter": "weight", "dataValue" : "73.5" },
				{ "parameter": "height", "dataValue" : "171.0" }
			]
	},
	{
	"timestamp" : "14-04-2015 12:01:50.821",
	"serviceName" : "HealthService",
	"inputs":[ 	
				{ "parameter" : "userId", "dataValue" : "7" }
			],
	"outputs":[
				{ "parameter": "age", "dataValue" : "12" },
				{ "parameter": "weight", "dataValue" : "68.3" },
				{ "parameter": "height", "dataValue" : "194.0" }
			]
	},
		{
	"timestamp" : "14-04-2015 12:01:51.598",
	"serviceName" : "HealthService",
	"inputs":[ 	
				{ "parameter" : "userId", "dataValue" : "8" }
			],
	"outputs":[
				{ "parameter": "age", "dataValue" : "15" },
				{ "parameter": "weight", "dataValue" : "73.5" },
				{ "parameter": "height", "dataValue" : "151.0" }
			]
	},
		{
	"timestamp" : "14-04-2015 12:01:52.598",
	"serviceName" : "HealthService",
	"inputs":[ 	
				{ "parameter" : "userId", "dataValue" : "9" }
			],
	"outputs":[
				{ "parameter": "age", "dataValue" : "30" },
				{ "parameter": "weight", "dataValue" : "73.5" },
				{ "parameter": "height", "dataValue" : "163.0" }
			]
	},
		{
	"timestamp" : "14-04-2015 12:01:53.598",
	"serviceName" : "HealthService",
	"inputs":[ 	
				{ "parameter" : "userId", "dataValue" : "10" }
			],
	"outputs":[
				{ "parameter": "age", "dataValue" : "30" },
				{ "parameter": "weight", "dataValue" : "73.5" },
				{ "parameter": "height", "dataValue" : "185.0" }
			]
	},
	{
	"timestamp" : "14-04-2015 12:01:54.598",
	"serviceName" : "HealthService",
	"inputs":[ 	
				{ "parameter" : "userId", "dataValue" : "1" }
			],
	"outputs":[
				{ "parameter": "age", "dataValue" : "30" },
				{ "parameter": "weight", "dataValue" : "73.5" },
				{ "parameter": "height", "dataValue" : "181.0" }
			]
	},
	{
	"timestamp" : "14-04-2015 12:01:55.821",
	"serviceName" : "HealthService",
	"inputs":[ 	
				{ "parameter" : "userId", "dataValue" : "2" }
			],
	"outputs":[
				{ "parameter": "age", "dataValue" : "25" },
				{ "parameter": "weight", "dataValue" : "68.3" },
				{ "parameter": "height", "dataValue" : "174.0" }
			]
	},
		{
	"timestamp" : "14-04-2015 12:01:56.598",
	"serviceName" : "HealthService",
	"inputs":[ 	
				{ "parameter" : "userId", "dataValue" : "3" }
			],
	"outputs":[
				{ "parameter": "age", "dataValue" : "30" },
				{ "parameter": "weight", "dataValue" : "73.5" },
				{ "parameter": "height", "dataValue" : "239.0" }
			]
	},
		{
	"timestamp" : "14-04-2015 12:01:57.598",
	"serviceName" : "HealthService",
	"inputs":[ 	
				{ "parameter" : "userId", "dataValue" : "4" }
			],
	"outputs":[
				{ "parameter": "age", "dataValue" : "8" },
				{ "parameter": "weight", "dataValue" : "73.5" },
				{ "parameter": "height", "dataValue" : "94.0" }
			]
	},
		{
	"timestamp" : "14-04-2015 12:01:58.598",
	"serviceName" : "HealthService",
	"inputs":[ 	
				{ "parameter" : "userId", "dataValue" : "5" }
			],
	"outputs":[
				{ "parameter": "age", "dataValue" : "30" },
				{ "parameter": "weight", "dataValue" : "73.5" },
				{ "parameter": "height", "dataValue" : "200.0" }
			]
	},
	{
	"timestamp" : "14-04-2015 12:01:59.598",
	"serviceName" : "HealthService",
	"inputs":[ 	
				{ "parameter" : "userId", "dataValue" : "6" }
			],
	"outputs":[
				{ "parameter": "age", "dataValue" : "34" },
				{ "parameter": "weight", "dataValue" : "73.5" },
				{ "parameter": "height", "dataValue" : "171.0" }
			]
	},
	{
	"timestamp" : "14-04-2015 12:03:00.821",
	"serviceName" : "HealthService",
	"inputs":[ 	
				{ "parameter" : "userId", "dataValue" : "7" }
			],
	"outputs":[
				{ "parameter": "age", "dataValue" : "12" },
				{ "parameter": "weight", "dataValue" : "68.3" },
				{ "parameter": "height", "dataValue" : "194.0" }
			]
	},
		{
	"timestamp" : "14-04-2015 12:03:01.598",
	"serviceName" : "HealthService",
	"inputs":[ 	
				{ "parameter" : "userId", "dataValue" : "8" }
			],
	"outputs":[
				{ "parameter": "age", "dataValue" : "15" },
				{ "parameter": "weight", "dataValue" : "73.5" },
				{ "parameter": "height", "dataValue" : "151.0" }
			]
	},
		{
	"timestamp" : "14-04-2015 12:03:02.598",
	"serviceName" : "HealthService",
	"inputs":[ 	
				{ "parameter" : "userId", "dataValue" : "9" }
			],
	"outputs":[
				{ "parameter": "age", "dataValue" : "30" },
				{ "parameter": "weight", "dataValue" : "73.5" },
				{ "parameter": "height", "dataValue" : "163.0" }
			]
	},
		{
	"timestamp" : "14-04-2015 12:03:03.598",
	"serviceName" : "HealthService",
	"inputs":[ 	
				{ "parameter" : "userId", "dataValue" : "10" }
			],
	"outputs":[
				{ "parameter": "age", "dataValue" : "30" },
				{ "parameter": "weight", "dataValue" : "73.5" },
				{ "parameter": "height", "dataValue" : "185.0" }
			]
	},
	
	
	{
	"timestamp" : "14-04-2015 12:03:04.598",
	"serviceName" : "HealthService",
	"inputs":[ 	
				{ "parameter" : "userId", "dataValue" : "1" }
			],
	"outputs":[
				{ "parameter": "age", "dataValue" : "30" },
				{ "parameter": "weight", "dataValue" : "73.5" },
				{ "parameter": "height", "dataValue" : "181.0" }
			]
	},
	{
	"timestamp" : "14-04-2015 12:03:05.821",
	"serviceName" : "HealthService",
	"inputs":[ 	
				{ "parameter" : "userId", "dataValue" : "2" }
			],
	"outputs":[
				{ "parameter": "age", "dataValue" : "25" },
				{ "parameter": "weight", "dataValue" : "68.3" },
				{ "parameter": "height", "dataValue" : "174.0" }
			]
	},
		{
	"timestamp" : "14-04-2015 12:01:66.598",
	"serviceName" : "HealthService",
	"inputs":[ 	
				{ "parameter" : "userId", "dataValue" : "3" }
			],
	"outputs":[
				{ "parameter": "age", "dataValue" : "30" },
				{ "parameter": "weight", "dataValue" : "73.5" },
				{ "parameter": "height", "dataValue" : "239.0" }
			]
	},
		{
	"timestamp" : "14-04-2015 12:03:07.598",
	"serviceName" : "HealthService",
	"inputs":[ 	
				{ "parameter" : "userId", "dataValue" : "4" }
			],
	"outputs":[
				{ "parameter": "age", "dataValue" : "8" },
				{ "parameter": "weight", "dataValue" : "73.5" },
				{ "parameter": "height", "dataValue" : "94.0" }
			]
	},
		{
	"timestamp" : "14-04-2015 12:03:08.598",
	"serviceName" : "HealthService",
	"inputs":[ 	
				{ "parameter" : "userId", "dataValue" : "5" }
			],
	"outputs":[
				{ "parameter": "age", "dataValue" : "30" },
				{ "parameter": "weight", "dataValue" : "73.5" },
				{ "parameter": "height", "dataValue" : "200.0" }
			]
	},
	{
	"timestamp" : "14-04-2015 12:03:09.598",
	"serviceName" : "HealthService",
	"inputs":[ 	
				{ "parameter" : "userId", "dataValue" : "6" }
			],
	"outputs":[
				{ "parameter": "age", "dataValue" : "34" },
				{ "parameter": "weight", "dataValue" : "73.5" },
				{ "parameter": "height", "dataValue" : "171.0" }
			]
	},
	{
	"timestamp" : "14-04-2015 12:02:00.821",
	"serviceName" : "HealthService",
	"inputs":[ 	
				{ "parameter" : "userId", "dataValue" : "7" }
			],
	"outputs":[
				{ "parameter": "age", "dataValue" : "12" },
				{ "parameter": "weight", "dataValue" : "68.3" },
				{ "parameter": "height", "dataValue" : "194.0" }
			]
	},
		{
	"timestamp" : "14-04-2015 12:02:01.598",
	"serviceName" : "HealthService",
	"inputs":[ 	
				{ "parameter" : "userId", "dataValue" : "8" }
			],
	"outputs":[
				{ "parameter": "age", "dataValue" : "15" },
				{ "parameter": "weight", "dataValue" : "73.5" },
				{ "parameter": "height", "dataValue" : "151.0" }
			]
	},
		{
	"timestamp" : "14-04-2015 12:02:02.598",
	"serviceName" : "HealthService",
	"inputs":[ 	
				{ "parameter" : "userId", "dataValue" : "9" }
			],
	"outputs":[
				{ "parameter": "age", "dataValue" : "30" },
				{ "parameter": "weight", "dataValue" : "73.5" },
				{ "parameter": "height", "dataValue" : "163.0" }
			]
	},
		{
	"timestamp" : "14-04-2015 12:02:03.598",
	"serviceName" : "HealthService",
	"inputs":[ 	
				{ "parameter" : "userId", "dataValue" : "10" }
			],
	"outputs":[
				{ "parameter": "age", "dataValue" : "30" },
				{ "parameter": "weight", "dataValue" : "73.5" },
				{ "parameter": "height", "dataValue" : "185.0" }
			]
	},
	{
	"timestamp" : "14-04-2015 12:02:04.598",
	"serviceName" : "HealthService",
	"inputs":[ 	
				{ "parameter" : "userId", "dataValue" : "1" }
			],
	"outputs":[
				{ "parameter": "age", "dataValue" : "30" },
				{ "parameter": "weight", "dataValue" : "73.5" },
				{ "parameter": "height", "dataValue" : "181.0" }
			]
	},
	{
	"timestamp" : "14-04-2015 12:02:05.821",
	"serviceName" : "HealthService",
	"inputs":[ 	
				{ "parameter" : "userId", "dataValue" : "2" }
			],
	"outputs":[
				{ "parameter": "age", "dataValue" : "25" },
				{ "parameter": "weight", "dataValue" : "68.3" },
				{ "parameter": "height", "dataValue" : "174.0" }
			]
	},
		{
	"timestamp" : "14-04-2015 12:02:06.598",
	"serviceName" : "HealthService",
	"inputs":[ 	
				{ "parameter" : "userId", "dataValue" : "3" }
			],
	"outputs":[
				{ "parameter": "age", "dataValue" : "30" },
				{ "parameter": "weight", "dataValue" : "73.5" },
				{ "parameter": "height", "dataValue" : "239.0" }
			]
	},
		{
	"timestamp" : "14-04-2015 12:02:07.598",
	"serviceName" : "HealthService",
	"inputs":[ 	
				{ "parameter" : "userId", "dataValue" : "4" }
			],
	"outputs":[
				{ "parameter": "age", "dataValue" : "8" },
				{ "parameter": "weight", "dataValue" : "73.5" },
				{ "parameter": "height", "dataValue" : "94.0" }
			]
	},
		{
	"timestamp" : "14-04-2015 12:02:08.598",
	"serviceName" : "HealthService",
	"inputs":[ 	
				{ "parameter" : "userId", "dataValue" : "5" }
			],
	"outputs":[
				{ "parameter": "age", "dataValue" : "30" },
				{ "parameter": "weight", "dataValue" : "73.5" },
				{ "parameter": "height", "dataValue" : "200.0" }
			]
	},
	{
	"timestamp" : "14-04-2015 12:02:09.598",
	"serviceName" : "HealthService",
	"inputs":[ 	
				{ "parameter" : "userId", "dataValue" : "6" }
			],
	"outputs":[
				{ "parameter": "age", "dataValue" : "34" },
				{ "parameter": "weight", "dataValue" : "73.5" },
				{ "parameter": "height", "dataValue" : "171.0" }
			]
	},
	{
	"timestamp" : "14-04-2015 12:02:10.821",
	"serviceName" : "HealthService",
	"inputs":[ 	
				{ "parameter" : "userId", "dataValue" : "7" }
			],
	"outputs":[
				{ "parameter": "age", "dataValue" : "12" },
				{ "parameter": "weight", "dataValue" : "68.3" },
				{ "parameter": "height", "dataValue" : "194.0" }
			]
	},
		{
	"timestamp" : "14-04-2015 12:02:11.598",
	"serviceName" : "HealthService",
	"inputs":[ 	
				{ "parameter" : "userId", "dataValue" : "8" }
			],
	"outputs":[
				{ "parameter": "age", "dataValue" : "15" },
				{ "parameter": "weight", "dataValue" : "73.5" },
				{ "parameter": "height", "dataValue" : "151.0" }
			]
	},
		{
	"timestamp" : "14-04-2015 12:02:12.598",
	"serviceName" : "HealthService",
	"inputs":[ 	
				{ "parameter" : "userId", "dataValue" : "9" }
			],
	"outputs":[
				{ "parameter": "age", "dataValue" : "30" },
				{ "parameter": "weight", "dataValue" : "73.5" },
				{ "parameter": "height", "dataValue" : "163.0" }
			]
	},
		{
	"timestamp" : "14-04-2015 12:02:13.598",
	"serviceName" : "HealthService",
	"inputs":[ 	
				{ "parameter" : "userId", "dataValue" : "10" }
			],
	"outputs":[
				{ "parameter": "age", "dataValue" : "30" },
				{ "parameter": "weight", "dataValue" : "73.5" },
				{ "parameter": "height", "dataValue" : "185.0" }
			]
	},
{
	"timestamp" : "15-04-2015 12:01:44.598",
	"serviceName" : "HealthService",
	"inputs":[ 	
				{ "parameter" : "userId", "dataValue" : "1" }
			],
	"outputs":[
				{ "parameter": "age", "dataValue" : "30" },
				{ "parameter": "weight", "dataValue" : "73.5" },
				{ "parameter": "height", "dataValue" : "181.0" }
			]
	},
	{
	"timestamp" : "15-04-2015 12:01:45.821",
	"serviceName" : "HealthService",
	"inputs":[ 	
				{ "parameter" : "userId", "dataValue" : "2" }
			],
	"outputs":[
				{ "parameter": "age", "dataValue" : "25" },
				{ "parameter": "weight", "dataValue" : "68.3" },
				{ "parameter": "height", "dataValue" : "245.0" }
			]
	},
		{
	"timestamp" : "15-04-2015 12:01:46.598",
	"serviceName" : "HealthService",
	"inputs":[ 	
				{ "parameter" : "userId", "dataValue" : "3" }
			],
	"outputs":[
				{ "parameter": "age", "dataValue" : "30" },
				{ "parameter": "weight", "dataValue" : "73.5" },
				{ "parameter": "height", "dataValue" : "35.0" }
			]
	},
		{
	"timestamp" : "15-04-2015 12:01:47.598",
	"serviceName" : "HealthService",
	"inputs":[ 	
				{ "parameter" : "userId", "dataValue" : "4" }
			],
	"outputs":[
				{ "parameter": "age", "dataValue" : "8" },
				{ "parameter": "weight", "dataValue" : "73.5" },
				{ "parameter": "height", "dataValue" : "43.0" }
			]
	},
		{
	"timestamp" : "15-04-2015 12:01:48.598",
	"serviceName" : "HealthService",
	"inputs":[ 	
				{ "parameter" : "userId", "dataValue" : "5" }
			],
	"outputs":[
				{ "parameter": "age", "dataValue" : "30" },
				{ "parameter": "weight", "dataValue" : "73.5" },
				{ "parameter": "height", "dataValue" : "251.0" }
			]
	},
	{
	"timestamp" : "15-04-2015 12:01:49.598",
	"serviceName" : "HealthService",
	"inputs":[ 	
				{ "parameter" : "userId", "dataValue" : "6" }
			],
	"outputs":[
				{ "parameter": "age", "dataValue" : "34" },
				{ "parameter": "weight", "dataValue" : "73.5" },
				{ "parameter": "height", "dataValue" : "371.0" }
			]
	},
	{
	"timestamp" : "15-04-2015 12:01:50.821",
	"serviceName" : "HealthService",
	"inputs":[ 	
				{ "parameter" : "userId", "dataValue" : "7" }
			],
	"outputs":[
				{ "parameter": "age", "dataValue" : "12" },
				{ "parameter": "weight", "dataValue" : "68.3" },
				{ "parameter": "height", "dataValue" : "120.0" }
			]
	},
		{
	"timestamp" : "15-04-2015 12:01:51.598",
	"serviceName" : "HealthService",
	"inputs":[ 	
				{ "parameter" : "userId", "dataValue" : "8" }
			],
	"outputs":[
				{ "parameter": "age", "dataValue" : "15" },
				{ "parameter": "weight", "dataValue" : "73.5" },
				{ "parameter": "height", "dataValue" : "138.0" }
			]
	},
		{
	"timestamp" : "15-04-2015 12:01:52.598",
	"serviceName" : "HealthService",
	"inputs":[ 	
				{ "parameter" : "userId", "dataValue" : "9" }
			],
	"outputs":[
				{ "parameter": "age", "dataValue" : "5" },
				{ "parameter": "weight", "dataValue" : "73.5" },
				{ "parameter": "height", "dataValue" : "24.0" }
			]
	},
		{
	"timestamp" : "15-04-2015 12:01:53.598",
	"serviceName" : "HealthService",
	"inputs":[ 	
				{ "parameter" : "userId", "dataValue" : "10" }
			],
	"outputs":[
				{ "parameter": "age", "dataValue" : "30" },
				{ "parameter": "weight", "dataValue" : "73.5" },
				{ "parameter": "height", "dataValue" : "185.0" }
			]
	}
]