[
	{
	"timestamp" : "14-04-2015 11:01:44.598",
	"serviceName" : "BasicHealthSings",
	"inputs":[ 	
				{ "parameter" : "id", "dataValue" : "1" }
			],
	"outputs":[
				{ "parameter": "age", "dataValue" : "30" },
				{ "parameter": "weight", "dataValue" : "73.5" },
				{ "parameter": "height", "dataValue" : "271.0" }
			]
	},
	{
	"timestamp" : "14-04-2015 11:01:45.821",
	"serviceName" : "BasicHealthSings",
	"inputs":[ 	
				{ "parameter" : "id", "dataValue" : "2" }
			],
	"outputs":[
				{ "parameter": "age", "dataValue" : "25" },
				{ "parameter": "weight", "dataValue" : "68.3" },
				{ "parameter": "height", "dataValue" : "174.0" }
			]
	},
		{
	"timestamp" : "14-04-2015 11:01:46.598",
	"serviceName" : "BasicHealthSings",
	"inputs":[ 	
				{ "parameter" : "id", "dataValue" : "3" }
			],
	"outputs":[
				{ "parameter": "age", "dataValue" : "30" },
				{ "parameter": "weight", "dataValue" : "73.5" },
				{ "parameter": "height", "dataValue" : "171.0" }
			]
	},
		{
	"timestamp" : "14-04-2015 11:01:47.598",
	"serviceName" : "BasicHealthSings",
	"inputs":[ 	
				{ "parameter" : "id", "dataValue" : "4" }
			],
	"outputs":[
				{ "parameter": "age", "dataValue" : "30" },
				{ "parameter": "weight", "dataValue" : "73.5" },
				{ "parameter": "height", "dataValue" : "171.0" }
			]
	},
		{
	"timestamp" : "14-04-2015 11:01:48.598",
	"serviceName" : "BasicHealthSings",
	"inputs":[ 	
				{ "parameter" : "id", "dataValue" : "5" }
			],
	"outputs":[
				{ "parameter": "age", "dataValue" : "30" },
				{ "parameter": "weight", "dataValue" : "73.5" },
				{ "parameter": "height", "dataValue" : "171.0" }
			]
	},
	{
	"timestamp" : "14-04-2015 11:01:44.598",
	"serviceName" : "BasicHealthSings",
	"inputs":[ 	
				{ "parameter" : "id", "dataValue" : "6" }
			],
	"outputs":[
				{ "parameter": "age", "dataValue" : "30" },
				{ "parameter": "weight", "dataValue" : "73.5" },
				{ "parameter": "height", "dataValue" : "171.0" }
			]
	},
	{
	"timestamp" : "14-04-2015 11:01:45.821",
	"serviceName" : "BasicHealthSings",
	"inputs":[ 	
				{ "parameter" : "id", "dataValue" : "7" }
			],
	"outputs":[
				{ "parameter": "age", "dataValue" : "25" },
				{ "parameter": "weight", "dataValue" : "68.3" },
				{ "parameter": "height", "dataValue" : "474.0" }
			]
	},
		{
	"timestamp" : "14-04-2015 11:01:46.598",
	"serviceName" : "BasicHealthSings",
	"inputs":[ 	
				{ "parameter" : "id", "dataValue" : "8" }
			],
	"outputs":[
				{ "parameter": "age", "dataValue" : "30" },
				{ "parameter": "weight", "dataValue" : "73.5" },
				{ "parameter": "height", "dataValue" : "171.0" }
			]
	},
		{
	"timestamp" : "14-04-2015 11:01:47.598",
	"serviceName" : "BasicHealthSings",
	"inputs":[ 	
				{ "parameter" : "id", "dataValue" : "9" }
			],
	"outputs":[
				{ "parameter": "age", "dataValue" : "30" },
				{ "parameter": "weight", "dataValue" : "73.5" },
				{ "parameter": "height", "dataValue" : "171.0" }
			]
	},
		{
	"timestamp" : "14-04-2015 11:01:48.598",
	"serviceName" : "BasicHealthSings",
	"inputs":[ 	
				{ "parameter" : "id", "dataValue" : "10" }
			],
	"outputs":[
				{ "parameter": "age", "dataValue" : "30" },
				{ "parameter": "weight", "dataValue" : "735" },
				{ "parameter": "height", "dataValue" : "171.0" }
			]
	},
		{
	"timestamp" : "14-04-2015 11:01:44.598",
	"serviceName" : "BasicHealthSings",
	"inputs":[ 	
				{ "parameter" : "id", "dataValue" : "1" }
			],
	"outputs":[
				{ "parameter": "age", "dataValue" : "30" },
				{ "parameter": "weight", "dataValue" : "73.5" },
				{ "parameter": "height", "dataValue" : "171.0" }
			]
	},
	{
	"timestamp" : "14-04-2015 11:01:45.821",
	"serviceName" : "BasicHealthSings",
	"inputs":[ 	
				{ "parameter" : "id", "dataValue" : "2" }
			],
	"outputs":[
				{ "parameter": "age", "dataValue" : "25" },
				{ "parameter": "weight", "dataValue" : "68.3" },
				{ "parameter": "height", "dataValue" : "174.0" }
			]
	},
		{
	"timestamp" : "14-04-2015 11:01:46.598",
	"serviceName" : "BasicHealthSings",
	"inputs":[ 	
				{ "parameter" : "id", "dataValue" : "3" }
			],
	"outputs":[
				{ "parameter": "age", "dataValue" : "30" },
				{ "parameter": "weight", "dataValue" : "73.5" },
				{ "parameter": "height", "dataValue" : "171.0" }
			]
	},
		{
	"timestamp" : "14-04-2015 11:01:47.598",
	"serviceName" : "BasicHealthSings",
	"inputs":[ 	
				{ "parameter" : "id", "dataValue" : "4" }
			],
	"outputs":[
				{ "parameter": "age", "dataValue" : "30" },
				{ "parameter": "weight", "dataValue" : "73.5" },
				{ "parameter": "height", "dataValue" : "171.0" }
			]
	},
		{
	"timestamp" : "14-04-2015 11:01:48.598",
	"serviceName" : "BasicHealthSings",
	"inputs":[ 	
				{ "parameter" : "id", "dataValue" : "5" }
			],
	"outputs":[
				{ "parameter": "age", "dataValue" : "30" },
				{ "parameter": "weight", "dataValue" : "73.5" },
				{ "parameter": "height", "dataValue" : "171.0" }
			]
	},
	{
	"timestamp" : "14-04-2015 11:01:44.598",
	"serviceName" : "BasicHealthSings",
	"inputs":[ 	
				{ "parameter" : "id", "dataValue" : "6" }
			],
	"outputs":[
				{ "parameter": "age", "dataValue" : "30" },
				{ "parameter": "weight", "dataValue" : "73.5" },
				{ "parameter": "height", "dataValue" : "171.0" }
			]
	},
	{
	"timestamp" : "14-04-2015 11:01:45.821",
	"serviceName" : "BasicHealthSings",
	"inputs":[ 	
				{ "parameter" : "id", "dataValue" : "7" }
			],
	"outputs":[
				{ "parameter": "age", "dataValue" : "25" },
				{ "parameter": "weight", "dataValue" : "68.3" },
				{ "parameter": "height", "dataValue" : "174.0" }
			]
	},
		{
	"timestamp" : "14-04-2015 11:01:46.598",
	"serviceName" : "BasicHealthSings",
	"inputs":[ 	
				{ "parameter" : "id", "dataValue" : "8" }
			],
	"outputs":[
				{ "parameter": "age", "dataValue" : "30" },
				{ "parameter": "weight", "dataValue" : "73.5" },
				{ "parameter": "height", "dataValue" : "171.0" }
			]
	},
		{
	"timestamp" : "14-04-2015 11:01:47.598",
	"serviceName" : "BasicHealthSings",
	"inputs":[ 	
				{ "parameter" : "id", "dataValue" : "9" }
			],
	"outputs":[
				{ "parameter": "age", "dataValue" : "30" },
				{ "parameter": "weight", "dataValue" : "73.5" },
				{ "parameter": "height", "dataValue" : "171.0" }
			]
	},
		{
	"timestamp" : "14-04-2015 11:01:48.598",
	"serviceName" : "BasicHealthSings",
	"inputs":[ 	
				{ "parameter" : "id", "dataValue" : "10" }
			],
	"outputs":[
				{ "parameter": "age", "dataValue" : "30" },
				{ "parameter": "weight", "dataValue" : "73.5" },
				{ "parameter": "height", "dataValue" : "171.0" }
			]
	},
		{
	"timestamp" : "14-04-2015 11:01:44.598",
	"serviceName" : "BasicHealthSings",
	"inputs":[ 	
				{ "parameter" : "id", "dataValue" : "1" }
			],
	"outputs":[
				{ "parameter": "age", "dataValue" : "30" },
				{ "parameter": "weight", "dataValue" : "73.5" },
				{ "parameter": "height", "dataValue" : "171.0" }
			]
	},
	{
	"timestamp" : "14-04-2015 11:01:45.821",
	"serviceName" : "BasicHealthSings",
	"inputs":[ 	
				{ "parameter" : "id", "dataValue" : "2" }
			],
	"outputs":[
				{ "parameter": "age", "dataValue" : "25" },
				{ "parameter": "weight", "dataValue" : "68.3" },
				{ "parameter": "height", "dataValue" : "174.0" }
			]
	},
		{
	"timestamp" : "14-04-2015 11:01:46.598",
	"serviceName" : "BasicHealthSings",
	"inputs":[ 	
				{ "parameter" : "id", "dataValue" : "3" }
			],
	"outputs":[
				{ "parameter": "age", "dataValue" : "30" },
				{ "parameter": "weight", "dataValue" : "73.5" },
				{ "parameter": "height", "dataValue" : "171.0" }
			]
	},
		{
	"timestamp" : "14-04-2015 11:01:47.598",
	"serviceName" : "BasicHealthSings",
	"inputs":[ 	
				{ "parameter" : "id", "dataValue" : "4" }
			],
	"outputs":[
				{ "parameter": "age", "dataValue" : "30" },
				{ "parameter": "weight", "dataValue" : "73.5" },
				{ "parameter": "height", "dataValue" : "171.0" }
			]
	},
		{
	"timestamp" : "14-04-2015 11:01:48.598",
	"serviceName" : "BasicHealthSings",
	"inputs":[ 	
				{ "parameter" : "id", "dataValue" : "5" }
			],
	"outputs":[
				{ "parameter": "age", "dataValue" : "30" },
				{ "parameter": "weight", "dataValue" : "73.5" },
				{ "parameter": "height", "dataValue" : "171.0" }
			]
	},
	{
	"timestamp" : "14-04-2015 11:01:44.598",
	"serviceName" : "BasicHealthSings",
	"inputs":[ 	
				{ "parameter" : "id", "dataValue" : "6" }
			],
	"outputs":[
				{ "parameter": "age", "dataValue" : "180" },
				{ "parameter": "weight", "dataValue" : "73.5" },
				{ "parameter": "height", "dataValue" : "171.0" }
			]
	},
	{
	"timestamp" : "14-04-2015 11:01:45.821",
	"serviceName" : "BasicHealthSings",
	"inputs":[ 	
				{ "parameter" : "id", "dataValue" : "7" }
			],
	"outputs":[
				{ "parameter": "age", "dataValue" : "25" },
				{ "parameter": "weight", "dataValue" : "68.3" },
				{ "parameter": "height", "dataValue" : "174.0" }
			]
	},
		{
	"timestamp" : "14-04-2015 11:01:46.598",
	"serviceName" : "BasicHealthSings",
	"inputs":[ 	
				{ "parameter" : "id", "dataValue" : "8" }
			],
	"outputs":[
				{ "parameter": "age", "dataValue" : "30" },
				{ "parameter": "weight", "dataValue" : "73.5" },
				{ "parameter": "height", "dataValue" : "171.0" }
			]
	},
		{
	"timestamp" : "14-04-2015 11:01:47.598",
	"serviceName" : "BasicHealthSings",
	"inputs":[ 	
				{ "parameter" : "id", "dataValue" : "9" }
			],
	"outputs":[
				{ "parameter": "age", "dataValue" : "30" },
				{ "parameter": "weight", "dataValue" : "73.5" },
				{ "parameter": "height", "dataValue" : "171.0" }
			]
	},
		{
	"timestamp" : "14-04-2015 11:01:48.598",
	"serviceName" : "BasicHealthSings",
	"inputs":[ 	
				{ "parameter" : "id", "dataValue" : "10" }
			],
	"outputs":[
				{ "parameter": "age", "dataValue" : "30" },
				{ "parameter": "weight", "dataValue" : "73.5" },
				{ "parameter": "height", "dataValue" : "171.0" }
			]
	},
		{
	"timestamp" : "14-04-2015 11:01:44.598",
	"serviceName" : "BasicHealthSings",
	"inputs":[ 	
				{ "parameter" : "id", "dataValue" : "1" }
			],
	"outputs":[
				{ "parameter": "age", "dataValue" : "30" },
				{ "parameter": "weight", "dataValue" : "73.5" },
				{ "parameter": "height", "dataValue" : "171.0" }
			]
	},
	{
	"timestamp" : "14-04-2015 11:01:45.821",
	"serviceName" : "BasicHealthSings",
	"inputs":[ 	
				{ "parameter" : "id", "dataValue" : "2" }
			],
	"outputs":[
				{ "parameter": "age", "dataValue" : "25" },
				{ "parameter": "weight", "dataValue" : "68.3" },
				{ "parameter": "height", "dataValue" : "174.0" }
			]
	},
		{
	"timestamp" : "14-04-2015 11:01:46.598",
	"serviceName" : "BasicHealthSings",
	"inputs":[ 	
				{ "parameter" : "id", "dataValue" : "3" }
			],
	"outputs":[
				{ "parameter": "age", "dataValue" : "30" },
				{ "parameter": "weight", "dataValue" : "73.5" },
				{ "parameter": "height", "dataValue" : "171.0" }
			]
	},
		{
	"timestamp" : "14-04-2015 11:01:47.598",
	"serviceName" : "BasicHealthSings",
	"inputs":[ 	
				{ "parameter" : "id", "dataValue" : "4" }
			],
	"outputs":[
				{ "parameter": "age", "dataValue" : "30" },
				{ "parameter": "weight", "dataValue" : "73.5" },
				{ "parameter": "height", "dataValue" : "171.0" }
			]
	},
		{
	"timestamp" : "14-04-2015 11:01:48.598",
	"serviceName" : "BasicHealthSings",
	"inputs":[ 	
				{ "parameter" : "id", "dataValue" : "5" }
			],
	"outputs":[
				{ "parameter": "age", "dataValue" : "30" },
				{ "parameter": "weight", "dataValue" : "73.5" },
				{ "parameter": "height", "dataValue" : "171.0" }
			]
	},
	{
	"timestamp" : "14-04-2015 11:01:44.598",
	"serviceName" : "BasicHealthSings",
	"inputs":[ 	
				{ "parameter" : "id", "dataValue" : "6" }
			],
	"outputs":[
				{ "parameter": "age", "dataValue" : "130" },
				{ "parameter": "weight", "dataValue" : "73.5" },
				{ "parameter": "height", "dataValue" : "171.0" }
			]
	},
	{
	"timestamp" : "14-04-2015 11:01:45.821",
	"serviceName" : "BasicHealthSings",
	"inputs":[ 	
				{ "parameter" : "id", "dataValue" : "7" }
			],
	"outputs":[
				{ "parameter": "age", "dataValue" : "25" },
				{ "parameter": "weight", "dataValue" : "368.3" },
				{ "parameter": "height", "dataValue" : "1740" }
			]
	},
		{
	"timestamp" : "14-04-2015 11:01:46.598",
	"serviceName" : "BasicHealthSings",
	"inputs":[ 	
				{ "parameter" : "id", "dataValue" : "8" }
			],
	"outputs":[
				{ "parameter": "age", "dataValue" : "30" },
				{ "parameter": "weight", "dataValue" : "73.5" },
				{ "parameter": "height", "dataValue" : "171.0" }
			]
	},
		{
	"timestamp" : "14-04-2015 11:01:47.598",
	"serviceName" : "BasicHealthSings",
	"inputs":[ 	
				{ "parameter" : "id", "dataValue" : "9" }
			],
	"outputs":[
				{ "parameter": "age", "dataValue" : "30" },
				{ "parameter": "weight", "dataValue" : "73.5" },
				{ "parameter": "height", "dataValue" : "171.0" }
			]
	},
		{
	"timestamp" : "14-04-2015 11:01:48.598",
	"serviceName" : "BasicHealthSings",
	"inputs":[ 	
				{ "parameter" : "id", "dataValue" : "10" }
			],
	"outputs":[
				{ "parameter": "age", "dataValue" : "30" },
				{ "parameter": "weight", "dataValue" : "73.5" },
				{ "parameter": "height", "dataValue" : "171.0" }
			]
	},
		{
	"timestamp" : "14-04-2015 11:01:44.598",
	"serviceName" : "BasicHealthSings",
	"inputs":[ 	
				{ "parameter" : "id", "dataValue" : "1" }
			],
	"outputs":[
				{ "parameter": "age", "dataValue" : "30" },
				{ "parameter": "weight", "dataValue" : "73.5" },
				{ "parameter": "height", "dataValue" : "171.0" }
			]
	},
	{
	"timestamp" : "14-04-2015 11:01:45.821",
	"serviceName" : "BasicHealthSings",
	"inputs":[ 	
				{ "parameter" : "id", "dataValue" : "2" }
			],
	"outputs":[
				{ "parameter": "age", "dataValue" : "25" },
				{ "parameter": "weight", "dataValue" : "68.3" },
				{ "parameter": "height", "dataValue" : "174.0" }
			]
	},
		{
	"timestamp" : "14-04-2015 11:01:46.598",
	"serviceName" : "BasicHealthSings",
	"inputs":[ 	
				{ "parameter" : "id", "dataValue" : "3" }
			],
	"outputs":[
				{ "parameter": "age", "dataValue" : "30" },
				{ "parameter": "weight", "dataValue" : "73.5" },
				{ "parameter": "height", "dataValue" : "171.0" }
			]
	},
		{
	"timestamp" : "14-04-2015 11:01:47.598",
	"serviceName" : "BasicHealthSings",
	"inputs":[ 	
				{ "parameter" : "id", "dataValue" : "4" }
			],
	"outputs":[
				{ "parameter": "age", "dataValue" : "30" },
				{ "parameter": "weight", "dataValue" : "73.5" },
				{ "parameter": "height", "dataValue" : "171.0" }
			]
	},
		{
	"timestamp" : "14-04-2015 11:01:48.598",
	"serviceName" : "BasicHealthSings",
	"inputs":[ 	
				{ "parameter" : "id", "dataValue" : "5" }
			],
	"outputs":[
				{ "parameter": "age", "dataValue" : "30" },
				{ "parameter": "weight", "dataValue" : "73.5" },
				{ "parameter": "height", "dataValue" : "171.0" }
			]
	},
	{
	"timestamp" : "14-04-2015 11:01:44.598",
	"serviceName" : "BasicHealthSings",
	"inputs":[ 	
				{ "parameter" : "id", "dataValue" : "6" }
			],
	"outputs":[
				{ "parameter": "age", "dataValue" : "30" },
				{ "parameter": "weight", "dataValue" : "73.5" },
				{ "parameter": "height", "dataValue" : "171.0" }
			]
	},
	{
	"timestamp" : "14-04-2015 11:01:45.821",
	"serviceName" : "BasicHealthSings",
	"inputs":[ 	
				{ "parameter" : "id", "dataValue" : "7" }
			],
	"outputs":[
				{ "parameter": "age", "dataValue" : "25" },
				{ "parameter": "weight", "dataValue" : "68.3" },
				{ "parameter": "height", "dataValue" : "174.0" }
			]
	},
		{
	"timestamp" : "14-04-2015 11:01:46.598",
	"serviceName" : "BasicHealthSings",
	"inputs":[ 	
				{ "parameter" : "id", "dataValue" : "8" }
			],
	"outputs":[
				{ "parameter": "age", "dataValue" : "30" },
				{ "parameter": "weight", "dataValue" : "73.5" },
				{ "parameter": "height", "dataValue" : "171.0" }
			]
	},
		{
	"timestamp" : "14-04-2015 11:01:47.598",
	"serviceName" : "BasicHealthSings",
	"inputs":[ 	
				{ "parameter" : "id", "dataValue" : "9" }
			],
	"outputs":[
				{ "parameter": "age", "dataValue" : "30" },
				{ "parameter": "weight", "dataValue" : "73.5" },
				{ "parameter": "height", "dataValue" : "171.0" }
			]
	},
		{
	"timestamp" : "14-04-2015 11:01:48.598",
	"serviceName" : "BasicHealthSings",
	"inputs":[ 	
				{ "parameter" : "id", "dataValue" : "10" }
			],
	"outputs":[
				{ "parameter": "age", "dataValue" : "30" },
				{ "parameter": "weight", "dataValue" : "73.5" },
				{ "parameter": "height", "dataValue" : "171.0" }
			]
	},
]